<?xml version="1.0" encoding="utf-8"?><testsuites name="pytest tests"><testsuite name="pytest" errors="0" failures="0" skipped="2" tests="11" time="124.208" timestamp="2026-05-23T08:12:01.885701+00:00" hostname="runnervmg397c"><testcase classname="tests.test_mesh.TestMeshConnectivity" name="test_nodes_booted" time="111.591" /><testcase classname="tests.test_mesh.TestMeshConnectivity" name="test_nodes_have_ip" time="0.415" /><testcase classname="tests.test_mesh.TestMeshConnectivity" name="test_l3_ping_between_nodes" time="8.618" /><testcase classname="tests.test_mesh.TestMeshConnectivity" name="test_l2_arp_entries" time="0.826" /><testcase classname="tests.test_mesh.TestMeshProtocol" name="test_batman_interface_exists" time="0.412" /><testcase classname="tests.test_mesh.TestMeshProtocol" name="test_batman_neighbors" time="0.552" /><testcase classname="tests.test_mesh.TestMeshProtocol" name="test_batman_originators" time="0.552" /><testcase classname="tests.test_mesh.TestMeshProtocol" name="test_babeld_running" time="0.142"><skipped type="pytest.skip" message="babeld not running on this build">/home/runner/work/lime-packages/lime-packages/libremesh-tests/tests/test_mesh.py:238: babeld not running on this build</skipped></testcase><testcase classname="tests.test_mesh.TestMeshProtocol" name="test_babeld_has_routes" time="0.137"><skipped type="pytest.skip" message="babeld not running">/home/runner/work/lime-packages/lime-packages/libremesh-tests/tests/test_mesh.py:245: babeld not running</skipped></testcase><testcase classname="tests.test_mesh.TestLibreMeshServices" name="test_lime_config_exists" time="0.412" /><testcase classname="tests.test_mesh.TestLibreMeshServices" name="test_lime_proto_running" time="0.494" /></testsuite></testsuites>