<?xml version="1.0" encoding="utf-8"?><testsuites name="pytest tests"><testsuite name="pytest" errors="0" failures="0" skipped="2" tests="11" time="222.182" timestamp="2026-05-23T05:41:37.921038-03:00" hostname="labgrid-fcefyn"><testcase classname="tests.test_mesh.TestMeshConnectivity" name="test_nodes_booted" time="175.243" /><testcase classname="tests.test_mesh.TestMeshConnectivity" name="test_nodes_have_ip" time="1.042" /><testcase classname="tests.test_mesh.TestMeshConnectivity" name="test_l3_ping_between_nodes" time="4.562" /><testcase classname="tests.test_mesh.TestMeshConnectivity" name="test_l2_arp_entries" time="0.998" /><testcase classname="tests.test_mesh.TestMeshProtocol" name="test_batman_interface_exists" time="1.012" /><testcase classname="tests.test_mesh.TestMeshProtocol" name="test_batman_neighbors" time="1.512" /><testcase classname="tests.test_mesh.TestMeshProtocol" name="test_batman_originators" time="1.502" /><testcase classname="tests.test_mesh.TestMeshProtocol" name="test_babeld_running" time="0.504"><skipped type="pytest.skip" message="babeld not running on this build">/home/laryc/testbed_fcefyn/actions-runner/_work/lime-packages/lime-packages/libremesh-tests/tests/test_mesh.py:238: babeld not running on this build</skipped></testcase><testcase classname="tests.test_mesh.TestMeshProtocol" name="test_babeld_has_routes" time="0.517"><skipped type="pytest.skip" message="babeld not running">/home/laryc/testbed_fcefyn/actions-runner/_work/lime-packages/lime-packages/libremesh-tests/tests/test_mesh.py:245: babeld not running</skipped></testcase><testcase classname="tests.test_mesh.TestLibreMeshServices" name="test_lime_config_exists" time="0.979" /><testcase classname="tests.test_mesh.TestLibreMeshServices" name="test_lime_proto_running" time="34.252" /></testsuite></testsuites>