<?xml version="1.0" encoding="utf-8"?><testsuites name="pytest tests"><testsuite name="pytest" errors="0" failures="0" skipped="3" tests="30" time="181.807" timestamp="2026-05-23T08:08:09.352796+00:00" hostname="runnervmg397c"><properties><property name="ENV_CONFIG" value="targets/qemu_x86-64_libremesh.yaml" /><property name="TARGETS" value="['main']" /><property name="IMAGE_FIRMWARE" value="/home/runner/work/lime-packages/lime-packages/fw/firmware-qemu_x86_64.img" /><property name="IMAGE_FIRMWARE_GIT_COMMIT" value="f12509eb76051752617724a9988ec3672b489e96" /></properties><testcase classname="tests.test_libremesh.TestLibreMeshConfig" name="test_lime_config_package_installed" time="66.610" /><testcase classname="tests.test_libremesh.TestLibreMeshConfig" name="test_lime_defaults_uci_present" time="6.373" /><testcase classname="tests.test_libremesh.TestLibreMeshConfig" name="test_lime_node_config_present" time="5.857" /><testcase classname="tests.test_libremesh.TestLibreMeshConfig" name="test_lime_community_config_present" time="6.347" /><testcase classname="tests.test_libremesh.TestLibreMeshNetwork" name="test_br_lan_has_mesh_ip" time="6.101" /><testcase classname="tests.test_libremesh.TestLibreMeshNetwork" name="test_mesh_ip_is_stable" time="5.677" /><testcase classname="tests.test_libremesh.TestLibreMeshNetwork" name="test_hostname_follows_libremesh_convention" time="5.438" /><testcase classname="tests.test_libremesh.TestLibreMeshNetwork" name="test_bat0_interface_exists" time="5.469" /><testcase classname="tests.test_libremesh.TestLibreMeshBatmanAdv" name="test_batman_adv_module_loaded" time="5.551" /><testcase classname="tests.test_libremesh.TestLibreMeshBatmanAdv" name="test_batman_adv_has_active_interface" time="5.688" /><testcase classname="tests.test_libremesh.TestLibreMeshBatmanAdv" name="test_batctl_originators_command" time="5.430" /><testcase classname="tests.test_libremesh.TestLibreMeshServices" name="test_lime_proto_running" time="5.286" /><testcase classname="tests.test_libremesh.TestLibreMeshServices" name="test_lime_app_or_uhttpd_running" time="5.285" /><testcase classname="tests.test_libremesh.TestLibreMeshServices" name="test_dropbear_running" time="5.570" /><testcase classname="tests.test_libremesh.TestLibreMeshServices" name="test_network_service_running" time="5.518" /><testcase classname="tests.test_base" name="test_shell" time="0.221" /><testcase classname="tests.test_base" name="test_firmware_version" time="0.215"><properties><property name="firmware_version" value="r32802-f505120278" /></properties></testcase><testcase classname="tests.test_base" name="test_dropbear_startup" time="0.330" /><testcase classname="tests.test_base" name="test_ssh" time="5.213" /><testcase classname="tests.test_base" name="test_echo" time="5.288" /><testcase classname="tests.test_base" name="test_uname" time="5.220" /><testcase classname="tests.test_base" name="test_ubus_system_board" time="5.286" /><testcase classname="tests.test_base" name="test_free_memory" time="5.314" /><testcase classname="tests.test_base" name="test_sysupgrade_backup" time="0.000"><skipped type="pytest.skip" message="Skipping because feature &quot;{'rootfs'}&quot; is not supported">/home/runner/work/lime-packages/lime-packages/libremesh-tests/tests/test_base.py:83: Skipping because feature "{'rootfs'}" is not supported</skipped></testcase><testcase classname="tests.test_base" name="test_sysupgrade_backup_u" time="0.000"><skipped type="pytest.skip" message="Skipping because feature &quot;{'rootfs'}&quot; is not supported">/home/runner/work/lime-packages/lime-packages/libremesh-tests/tests/test_base.py:95: Skipping because feature "{'rootfs'}" is not supported</skipped></testcase><testcase classname="tests.test_base" name="test_kernel_errors" time="5.308" /><testcase classname="tests.test_lan" name="test_lan_wait_for_link_ready" time="0.275" /><testcase classname="tests.test_lan" name="test_lan_wait_for_network" time="0.353" /><testcase classname="tests.test_lan" name="test_lan_interface_address" time="0.230" /><testcase classname="tests.test_lan" name="test_lan_interface_has_neighbor" time="2.254"><skipped type="pytest.skip" message="No br-lan peer present (single-node deployment). Multi-node coverage lives in test-mesh-* jobs.">/home/runner/work/lime-packages/lime-packages/libremesh-tests/tests/test_lan.py:102: No br-lan peer present (single-node deployment). Multi-node coverage lives in test-mesh-* jobs.</skipped></testcase></testsuite></testsuites>