<?xml version="1.0" encoding="utf-8"?><testsuites name="pytest tests"><testsuite name="pytest" errors="0" failures="0" skipped="0" tests="0" time="240.634" timestamp="2026-06-18T17:12:35.242046-03:00" hostname="labgrid-fcefyn"><properties><property name="ENV_CONFIG" value="targets/librerouter_v1.yaml" /><property name="TARGETS" value="['main']" /><property name="TARGET_MAIN_REMOTE" value="labgrid-fcefyn-librerouter_1" /><property name="IMAGE_ROOT" value="/srv/tftp/firmwares/ci/27784619670/librerouter_1/24.10.6/firmware-librerouter_1.bin" /><property name="IMAGE_INITRD" value="/srv/tftp/firmwares/ci/27784619670/librerouter_1/24.10.6/firmware-librerouter_1.uimage" /><property name="IMAGE_FIRMWARE" value="/home/laryc/testbed_fcefyn/actions-runner/_work/lime-packages/lime-packages/libremesh-tests/targets/firmware.bin" /><property name="IMAGE_FIRMWARE_GIT_COMMIT" value="e43211deba4a40a93e9a5fc14476d65e2d4582da" /></properties></testsuite></testsuites>