<?xml version="1.0" encoding="utf-8"?><testsuites name="pytest tests"><testsuite name="pytest" errors="0" failures="0" skipped="0" tests="15" time="299.760" timestamp="2026-05-23T05:28:01.468869-03:00" hostname="labgrid-fcefyn"><properties><property name="ENV_CONFIG" value="targets/linksys_e8450.yaml" /><property name="TARGETS" value="['main']" /><property name="TARGET_MAIN_REMOTE" value="labgrid-fcefyn-belkin_rt3200_2" /><property name="IMAGE_ROOT" value="/srv/tftp/firmwares/ci/26327599063/belkin_rt3200_2/24.10.6/firmware-belkin_rt3200_2.itb" /><property name="IMAGE_FIRMWARE" value="/home/laryc/testbed_fcefyn/actions-runner/_work/lime-packages/lime-packages/libremesh-tests/targets/firmware.bin" /><property name="IMAGE_FIRMWARE_GIT_COMMIT" value="c98e5e693d23d4439738970508357264ef0b02ec" /></properties><testcase classname="tests.test_libremesh.TestLibreMeshConfig" name="test_lime_config_package_installed" time="121.198" /><testcase classname="tests.test_libremesh.TestLibreMeshConfig" name="test_lime_defaults_uci_present" time="12.715" /><testcase classname="tests.test_libremesh.TestLibreMeshConfig" name="test_lime_node_config_present" time="12.720" /><testcase classname="tests.test_libremesh.TestLibreMeshConfig" name="test_lime_community_config_present" time="12.700" /><testcase classname="tests.test_libremesh.TestLibreMeshNetwork" name="test_br_lan_has_mesh_ip" time="12.742" /><testcase classname="tests.test_libremesh.TestLibreMeshNetwork" name="test_mesh_ip_is_stable" time="12.727" /><testcase classname="tests.test_libremesh.TestLibreMeshNetwork" name="test_hostname_follows_libremesh_convention" time="12.700" /><testcase classname="tests.test_libremesh.TestLibreMeshNetwork" name="test_bat0_interface_exists" time="12.704" /><testcase classname="tests.test_libremesh.TestLibreMeshBatmanAdv" name="test_batman_adv_module_loaded" time="12.693" /><testcase classname="tests.test_libremesh.TestLibreMeshBatmanAdv" name="test_batman_adv_has_active_interface" time="12.780" /><testcase classname="tests.test_libremesh.TestLibreMeshBatmanAdv" name="test_batctl_originators_command" time="12.708" /><testcase classname="tests.test_libremesh.TestLibreMeshServices" name="test_lime_proto_running" time="12.712" /><testcase classname="tests.test_libremesh.TestLibreMeshServices" name="test_lime_app_or_uhttpd_running" time="12.748" /><testcase classname="tests.test_libremesh.TestLibreMeshServices" name="test_dropbear_running" time="12.750" /><testcase classname="tests.test_libremesh.TestLibreMeshServices" name="test_network_service_running" time="13.094" /></testsuite></testsuites>