<?xml version="1.0" encoding="utf-8"?><testsuites name="pytest tests"><testsuite name="pytest" errors="0" failures="0" skipped="0" tests="15" time="329.656" timestamp="2026-05-23T05:21:40.850138-03:00" hostname="labgrid-fcefyn"><properties><property name="ENV_CONFIG" value="targets/linksys_e8450.yaml" /><property name="TARGETS" value="['main']" /><property name="TARGET_MAIN_REMOTE" value="labgrid-fcefyn-belkin_rt3200_1" /><property name="IMAGE_ROOT" value="/srv/tftp/firmwares/ci/26327599063/belkin_rt3200_1/24.10.6/firmware-belkin_rt3200_1.itb" /><property name="IMAGE_FIRMWARE" value="/home/laryc/testbed_fcefyn/actions-runner/_work/lime-packages/lime-packages/libremesh-tests/targets/firmware.bin" /><property name="IMAGE_FIRMWARE_GIT_COMMIT" value="c98e5e693d23d4439738970508357264ef0b02ec" /></properties><testcase classname="tests.test_libremesh.TestLibreMeshConfig" name="test_lime_config_package_installed" time="151.065" /><testcase classname="tests.test_libremesh.TestLibreMeshConfig" name="test_lime_defaults_uci_present" time="12.697" /><testcase classname="tests.test_libremesh.TestLibreMeshConfig" name="test_lime_node_config_present" time="12.684" /><testcase classname="tests.test_libremesh.TestLibreMeshConfig" name="test_lime_community_config_present" time="12.739" /><testcase classname="tests.test_libremesh.TestLibreMeshNetwork" name="test_br_lan_has_mesh_ip" time="12.736" /><testcase classname="tests.test_libremesh.TestLibreMeshNetwork" name="test_mesh_ip_is_stable" time="12.758" /><testcase classname="tests.test_libremesh.TestLibreMeshNetwork" name="test_hostname_follows_libremesh_convention" time="12.696" /><testcase classname="tests.test_libremesh.TestLibreMeshNetwork" name="test_bat0_interface_exists" time="12.721" /><testcase classname="tests.test_libremesh.TestLibreMeshBatmanAdv" name="test_batman_adv_module_loaded" time="12.726" /><testcase classname="tests.test_libremesh.TestLibreMeshBatmanAdv" name="test_batman_adv_has_active_interface" time="12.684" /><testcase classname="tests.test_libremesh.TestLibreMeshBatmanAdv" name="test_batctl_originators_command" time="12.704" /><testcase classname="tests.test_libremesh.TestLibreMeshServices" name="test_lime_proto_running" time="12.756" /><testcase classname="tests.test_libremesh.TestLibreMeshServices" name="test_lime_app_or_uhttpd_running" time="12.684" /><testcase classname="tests.test_libremesh.TestLibreMeshServices" name="test_dropbear_running" time="12.836" /><testcase classname="tests.test_libremesh.TestLibreMeshServices" name="test_network_service_running" time="13.107" /></testsuite></testsuites>