<?xml version="1.0" encoding="utf-8"?><testsuites name="pytest tests"><testsuite name="pytest" errors="0" failures="0" skipped="0" tests="15" time="341.651" timestamp="2026-05-23T05:33:53.554036-03:00" hostname="labgrid-fcefyn"><properties><property name="ENV_CONFIG" value="targets/openwrt_one.yaml" /><property name="TARGETS" value="['main']" /><property name="TARGET_MAIN_REMOTE" value="labgrid-fcefyn-openwrt_one" /><property name="IMAGE_ROOT" value="/srv/tftp/firmwares/ci/26327599063/openwrt_one/24.10.6/firmware-openwrt_one.itb" /><property name="IMAGE_FIRMWARE" value="/home/laryc/testbed_fcefyn/actions-runner/_work/lime-packages/lime-packages/libremesh-tests/targets/firmware.bin" /><property name="IMAGE_FIRMWARE_GIT_COMMIT" value="c98e5e693d23d4439738970508357264ef0b02ec" /></properties><testcase classname="tests.test_libremesh.TestLibreMeshConfig" name="test_lime_config_package_installed" time="163.427" /><testcase classname="tests.test_libremesh.TestLibreMeshConfig" name="test_lime_defaults_uci_present" time="12.637" /><testcase classname="tests.test_libremesh.TestLibreMeshConfig" name="test_lime_node_config_present" time="12.743" /><testcase classname="tests.test_libremesh.TestLibreMeshConfig" name="test_lime_community_config_present" time="12.601" /><testcase classname="tests.test_libremesh.TestLibreMeshNetwork" name="test_br_lan_has_mesh_ip" time="12.660" /><testcase classname="tests.test_libremesh.TestLibreMeshNetwork" name="test_mesh_ip_is_stable" time="12.940" /><testcase classname="tests.test_libremesh.TestLibreMeshNetwork" name="test_hostname_follows_libremesh_convention" time="12.676" /><testcase classname="tests.test_libremesh.TestLibreMeshNetwork" name="test_bat0_interface_exists" time="12.700" /><testcase classname="tests.test_libremesh.TestLibreMeshBatmanAdv" name="test_batman_adv_module_loaded" time="12.735" /><testcase classname="tests.test_libremesh.TestLibreMeshBatmanAdv" name="test_batman_adv_has_active_interface" time="12.683" /><testcase classname="tests.test_libremesh.TestLibreMeshBatmanAdv" name="test_batctl_originators_command" time="12.688" /><testcase classname="tests.test_libremesh.TestLibreMeshServices" name="test_lime_proto_running" time="12.677" /><testcase classname="tests.test_libremesh.TestLibreMeshServices" name="test_lime_app_or_uhttpd_running" time="12.676" /><testcase classname="tests.test_libremesh.TestLibreMeshServices" name="test_dropbear_running" time="12.711" /><testcase classname="tests.test_libremesh.TestLibreMeshServices" name="test_network_service_running" time="13.020" /></testsuite></testsuites>