<?xml version="1.0" encoding="utf-8"?><testsuites name="pytest tests"><testsuite name="pytest" errors="0" failures="0" skipped="0" tests="15" time="388.028" timestamp="2026-05-23T05:08:16.573310-03:00" hostname="labgrid-fcefyn"><properties><property name="ENV_CONFIG" value="targets/bananapi_bpi-r4.yaml" /><property name="TARGETS" value="['main']" /><property name="TARGET_MAIN_REMOTE" value="labgrid-fcefyn-bananapi_bpi-r4" /><property name="IMAGE_ROOT" value="/srv/tftp/firmwares/ci/26327599063/bananapi_bpi-r4/24.10.6/firmware-bananapi_bpi-r4.itb" /><property name="IMAGE_FIRMWARE" value="/home/laryc/testbed_fcefyn/actions-runner/_work/lime-packages/lime-packages/libremesh-tests/targets/firmware.bin" /><property name="IMAGE_FIRMWARE_GIT_COMMIT" value="c98e5e693d23d4439738970508357264ef0b02ec" /></properties><testcase classname="tests.test_libremesh.TestLibreMeshConfig" name="test_lime_config_package_installed" time="209.907" /><testcase classname="tests.test_libremesh.TestLibreMeshConfig" name="test_lime_defaults_uci_present" time="12.714" /><testcase classname="tests.test_libremesh.TestLibreMeshConfig" name="test_lime_node_config_present" time="12.661" /><testcase classname="tests.test_libremesh.TestLibreMeshConfig" name="test_lime_community_config_present" time="12.662" /><testcase classname="tests.test_libremesh.TestLibreMeshNetwork" name="test_br_lan_has_mesh_ip" time="12.599" /><testcase classname="tests.test_libremesh.TestLibreMeshNetwork" name="test_mesh_ip_is_stable" time="12.707" /><testcase classname="tests.test_libremesh.TestLibreMeshNetwork" name="test_hostname_follows_libremesh_convention" time="12.681" /><testcase classname="tests.test_libremesh.TestLibreMeshNetwork" name="test_bat0_interface_exists" time="12.694" /><testcase classname="tests.test_libremesh.TestLibreMeshBatmanAdv" name="test_batman_adv_module_loaded" time="12.726" /><testcase classname="tests.test_libremesh.TestLibreMeshBatmanAdv" name="test_batman_adv_has_active_interface" time="12.839" /><testcase classname="tests.test_libremesh.TestLibreMeshBatmanAdv" name="test_batctl_originators_command" time="12.666" /><testcase classname="tests.test_libremesh.TestLibreMeshServices" name="test_lime_proto_running" time="12.673" /><testcase classname="tests.test_libremesh.TestLibreMeshServices" name="test_lime_app_or_uhttpd_running" time="12.673" /><testcase classname="tests.test_libremesh.TestLibreMeshServices" name="test_dropbear_running" time="12.714" /><testcase classname="tests.test_libremesh.TestLibreMeshServices" name="test_network_service_running" time="13.040" /></testsuite></testsuites>